{"C:\\Users\\ivanv\\OneDrive\\Área de Trabalho\\EPM-CSR_backend_challenge\\src\\app.module.ts": {"path":"C:\\Users\\ivanv\\OneDrive\\Área de Trabalho\\EPM-CSR_backend_challenge\\src\\app.module.ts","statementMap":{"0":{"start":{"line":1,"column":0},"end":{"line":1,"column":40}},"1":{"start":{"line":2,"column":0},"end":{"line":2,"column":77}},"2":{"start":{"line":3,"column":0},"end":{"line":3,"column":68}},"3":{"start":{"line":10,"column":0},"end":{"line":10,"column":null}},"4":{"start":{"line":10,"column":13},"end":{"line":10,"column":null}},"5":{"start":{"line":10,"column":13},"end":{"line":10,"column":22}}},"fnMap":{},"branchMap":{},"s":{"0":0,"1":0,"2":0,"3":0,"4":0,"5":0},"f":{},"b":{}}
,"C:\\Users\\ivanv\\OneDrive\\Área de Trabalho\\EPM-CSR_backend_challenge\\src\\main.ts": {"path":"C:\\Users\\ivanv\\OneDrive\\Área de Trabalho\\EPM-CSR_backend_challenge\\src\\main.ts","statementMap":{"0":{"start":{"line":1,"column":0},"end":{"line":1,"column":43}},"1":{"start":{"line":2,"column":0},"end":{"line":2,"column":65}},"2":{"start":{"line":3,"column":0},"end":{"line":3,"column":41}},"3":{"start":{"line":6,"column":14},"end":{"line":6,"column":49}},"4":{"start":{"line":7,"column":17},"end":{"line":13,"column":12}},"5":{"start":{"line":14,"column":19},"end":{"line":14,"column":60}},"6":{"start":{"line":15,"column":2},"end":{"line":15,"column":44}},"7":{"start":{"line":16,"column":2},"end":{"line":16,"column":25}},"8":{"start":{"line":18,"column":0},"end":{"line":18,"column":12}}},"fnMap":{"0":{"name":"bootstrap","decl":{"start":{"line":5,"column":15},"end":{"line":5,"column":24}},"loc":{"start":{"line":5,"column":24},"end":{"line":17,"column":1}}}},"branchMap":{},"s":{"0":0,"1":0,"2":0,"3":0,"4":0,"5":0,"6":0,"7":0,"8":0},"f":{"0":0},"b":{}}
,"C:\\Users\\ivanv\\OneDrive\\Área de Trabalho\\EPM-CSR_backend_challenge\\src\\controllers\\directories.controller.ts": {"path":"C:\\Users\\ivanv\\OneDrive\\Área de Trabalho\\EPM-CSR_backend_challenge\\src\\controllers\\directories.controller.ts","statementMap":{"0":{"start":{"line":1,"column":0},"end":{"line":1,"column":50}},"1":{"start":{"line":2,"column":0},"end":{"line":2,"column":55}},"2":{"start":{"line":3,"column":0},"end":{"line":3,"column":69}},"3":{"start":{"line":7,"column":0},"end":{"line":20,"column":null}},"4":{"start":{"line":8,"column":31},"end":{"line":8,"column":43}},"5":{"start":{"line":18,"column":4},"end":{"line":18,"column":48}},"6":{"start":{"line":17,"column":2},"end":{"line":19,"column":null}},"7":{"start":{"line":7,"column":13},"end":{"line":20,"column":null}},"8":{"start":{"line":7,"column":13},"end":{"line":7,"column":34}}},"fnMap":{"0":{"name":"(anonymous_2)","decl":{"start":{"line":8,"column":2},"end":{"line":8,"column":31}},"loc":{"start":{"line":8,"column":61},"end":{"line":8,"column":65}}},"1":{"name":"(anonymous_3)","decl":{"start":{"line":17,"column":2},"end":{"line":17,"column":20}},"loc":{"start":{"line":17,"column":20},"end":{"line":19,"column":3}}}},"branchMap":{},"s":{"0":1,"1":1,"2":1,"3":1,"4":1,"5":1,"6":1,"7":1,"8":1},"f":{"0":1,"1":1},"b":{}}
,"C:\\Users\\ivanv\\OneDrive\\Área de Trabalho\\EPM-CSR_backend_challenge\\src\\mocks\\controllerMocks.ts": {"path":"C:\\Users\\ivanv\\OneDrive\\Área de Trabalho\\EPM-CSR_backend_challenge\\src\\mocks\\controllerMocks.ts","statementMap":{"0":{"start":{"line":1,"column":13},"end":{"line":1,"column":111}}},"fnMap":{},"branchMap":{},"s":{"0":1},"f":{},"b":{}}
,"C:\\Users\\ivanv\\OneDrive\\Área de Trabalho\\EPM-CSR_backend_challenge\\src\\mocks\\serviceMocks.ts": {"path":"C:\\Users\\ivanv\\OneDrive\\Área de Trabalho\\EPM-CSR_backend_challenge\\src\\mocks\\serviceMocks.ts","statementMap":{"0":{"start":{"line":3,"column":13},"end":{"line":3,"column":63}},"1":{"start":{"line":4,"column":13},"end":{"line":4,"column":70}},"2":{"start":{"line":5,"column":13},"end":{"line":18,"column":2}},"3":{"start":{"line":20,"column":13},"end":{"line":20,"column":65}},"4":{"start":{"line":22,"column":13},"end":{"line":41,"column":2}},"5":{"start":{"line":43,"column":13},"end":{"line":62,"column":2}},"6":{"start":{"line":64,"column":13},"end":{"line":64,"column":64}},"7":{"start":{"line":65,"column":13},"end":{"line":65,"column":68}},"8":{"start":{"line":66,"column":13},"end":{"line":66,"column":108}},"9":{"start":{"line":68,"column":13},"end":{"line":87,"column":2}},"10":{"start":{"line":89,"column":13},"end":{"line":96,"column":2}},"11":{"start":{"line":98,"column":13},"end":{"line":100,"column":2}},"12":{"start":{"line":102,"column":13},"end":{"line":102,"column":65}},"13":{"start":{"line":103,"column":13},"end":{"line":119,"column":11}}},"fnMap":{},"branchMap":{},"s":{"0":1,"1":1,"2":1,"3":1,"4":1,"5":1,"6":1,"7":1,"8":1,"9":1,"10":1,"11":1,"12":1,"13":1},"f":{},"b":{}}
,"C:\\Users\\ivanv\\OneDrive\\Área de Trabalho\\EPM-CSR_backend_challenge\\src\\services\\directories.service.ts": {"path":"C:\\Users\\ivanv\\OneDrive\\Área de Trabalho\\EPM-CSR_backend_challenge\\src\\services\\directories.service.ts","statementMap":{"0":{"start":{"line":1,"column":0},"end":{"line":1,"column":44}},"1":{"start":{"line":2,"column":0},"end":{"line":2,"column":34}},"2":{"start":{"line":6,"column":0},"end":{"line":163,"column":null}},"3":{"start":{"line":8,"column":24},"end":{"line":10,"column":null}},"4":{"start":{"line":12,"column":20},"end":{"line":12,"column":59}},"5":{"start":{"line":13,"column":52},"end":{"line":13,"column":54}},"6":{"start":{"line":14,"column":19},"end":{"line":14,"column":21}},"7":{"start":{"line":16,"column":4},"end":{"line":30,"column":7}},"8":{"start":{"line":17,"column":6},"end":{"line":29,"column":null}},"9":{"start":{"line":18,"column":8},"end":{"line":18,"column":57}},"10":{"start":{"line":19,"column":8},"end":{"line":19,"column":42}},"11":{"start":{"line":20,"column":13},"end":{"line":29,"column":null}},"12":{"start":{"line":21,"column":8},"end":{"line":21,"column":55}},"13":{"start":{"line":22,"column":8},"end":{"line":22,"column":42}},"14":{"start":{"line":23,"column":13},"end":{"line":29,"column":null}},"15":{"start":{"line":24,"column":8},"end":{"line":24,"column":79}},"16":{"start":{"line":25,"column":13},"end":{"line":29,"column":null}},"17":{"start":{"line":26,"column":8},"end":{"line":26,"column":42}},"18":{"start":{"line":27,"column":29},"end":{"line":27,"column":60}},"19":{"start":{"line":28,"column":8},"end":{"line":28,"column":43}},"20":{"start":{"line":32,"column":4},"end":{"line":32,"column":20}},"21":{"start":{"line":40,"column":19},"end":{"line":40,"column":58}},"22":{"start":{"line":41,"column":4},"end":{"line":59,"column":7}},"23":{"start":{"line":42,"column":24},"end":{"line":42,"column":26}},"24":{"start":{"line":43,"column":6},"end":{"line":45,"column":null}},"25":{"start":{"line":43,"column":19},"end":{"line":43,"column":20}},"26":{"start":{"line":44,"column":8},"end":{"line":44,"column":34}},"27":{"start":{"line":46,"column":6},"end":{"line":58,"column":13}},"28":{"start":{"line":67,"column":18},"end":{"line":67,"column":57}},"29":{"start":{"line":68,"column":23},"end":{"line":68,"column":42}},"30":{"start":{"line":69,"column":28},"end":{"line":69,"column":47}},"31":{"start":{"line":70,"column":25},"end":{"line":72,"column":6}},"32":{"start":{"line":71,"column":6},"end":{"line":71,"column":60}},"33":{"start":{"line":73,"column":30},"end":{"line":73,"column":75}},"34":{"start":{"line":74,"column":4},"end":{"line":74,"column":79}},"35":{"start":{"line":75,"column":4},"end":{"line":76,"column":50}},"36":{"start":{"line":77,"column":4},"end":{"line":77,"column":72}},"37":{"start":{"line":79,"column":32},"end":{"line":81,"column":6}},"38":{"start":{"line":80,"column":6},"end":{"line":80,"column":58}},"39":{"start":{"line":82,"column":4},"end":{"line":88,"column":7}},"40":{"start":{"line":83,"column":24},"end":{"line":85,"column":10}},"41":{"start":{"line":84,"column":20},"end":{"line":84,"column":46}},"42":{"start":{"line":86,"column":6},"end":{"line":86,"column":38}},"43":{"start":{"line":87,"column":6},"end":{"line":87,"column":65}},"44":{"start":{"line":96,"column":27},"end":{"line":96,"column":55}},"45":{"start":{"line":97,"column":30},"end":{"line":97,"column":55}},"46":{"start":{"line":98,"column":19},"end":{"line":98,"column":21}},"47":{"start":{"line":100,"column":24},"end":{"line":106,"column":9}},"48":{"start":{"line":101,"column":22},"end":{"line":101,"column":52}},"49":{"start":{"line":102,"column":6},"end":{"line":105,"column":8}},"50":{"start":{"line":108,"column":4},"end":{"line":139,"column":null}},"51":{"start":{"line":109,"column":14},"end":{"line":109,"column":15}},"52":{"start":{"line":110,"column":21},"end":{"line":110,"column":26}},"53":{"start":{"line":111,"column":6},"end":{"line":128,"column":null}},"54":{"start":{"line":112,"column":26},"end":{"line":119,"column":10}},"55":{"start":{"line":113,"column":10},"end":{"line":118,"column":12}},"56":{"start":{"line":120,"column":8},"end":{"line":126,"column":null}},"57":{"start":{"line":121,"column":10},"end":{"line":121,"column":44}},"58":{"start":{"line":122,"column":10},"end":{"line":124,"column":89}},"59":{"start":{"line":125,"column":10},"end":{"line":125,"column":26}},"60":{"start":{"line":127,"column":8},"end":{"line":127,"column":12}},"61":{"start":{"line":130,"column":6},"end":{"line":130,"column":80}},"62":{"start":{"line":132,"column":38},"end":{"line":134,"column":8}},"63":{"start":{"line":133,"column":8},"end":{"line":133,"column":58}},"64":{"start":{"line":136,"column":6},"end":{"line":136,"column":38}},"65":{"start":{"line":137,"column":6},"end":{"line":137,"column":60}},"66":{"start":{"line":138,"column":6},"end":{"line":138,"column":40}},"67":{"start":{"line":140,"column":4},"end":{"line":140,"column":20}},"68":{"start":{"line":144,"column":23},"end":{"line":144,"column":25}},"69":{"start":{"line":145,"column":22},"end":{"line":147,"column":6}},"70":{"start":{"line":146,"column":6},"end":{"line":146,"column":23}},"71":{"start":{"line":148,"column":21},"end":{"line":148,"column":43}},"72":{"start":{"line":149,"column":4},"end":{"line":160,"column":null}},"73":{"start":{"line":149,"column":17},"end":{"line":149,"column":18}},"74":{"start":{"line":150,"column":6},"end":{"line":159,"column":9}},"75":{"start":{"line":151,"column":8},"end":{"line":158,"column":null}},"76":{"start":{"line":152,"column":10},"end":{"line":152,"column":56}},"77":{"start":{"line":153,"column":15},"end":{"line":158,"column":null}},"78":{"start":{"line":154,"column":10},"end":{"line":157,"column":12}},"79":{"start":{"line":161,"column":4},"end":{"line":161,"column":24}},"80":{"start":{"line":6,"column":13},"end":{"line":163,"column":null}},"81":{"start":{"line":6,"column":13},"end":{"line":6,"column":31}}},"fnMap":{"0":{"name":"(anonymous_1)","decl":{"start":{"line":7,"column":2},"end":{"line":7,"column":20}},"loc":{"start":{"line":7,"column":20},"end":{"line":33,"column":3}}},"1":{"name":"(anonymous_2)","decl":{"start":{"line":16,"column":39},"end":{"line":16,"column":40}},"loc":{"start":{"line":16,"column":48},"end":{"line":30,"column":5}}},"2":{"name":"(anonymous_3)","decl":{"start":{"line":35,"column":2},"end":{"line":35,"column":8}},"loc":{"start":{"line":38,"column":16},"end":{"line":60,"column":3}}},"3":{"name":"(anonymous_4)","decl":{"start":{"line":41,"column":19},"end":{"line":41,"column":20}},"loc":{"start":{"line":41,"column":36},"end":{"line":59,"column":5}}},"4":{"name":"(anonymous_5)","decl":{"start":{"line":62,"column":2},"end":{"line":62,"column":6}},"loc":{"start":{"line":65,"column":16},"end":{"line":89,"column":3}}},"5":{"name":"(anonymous_6)","decl":{"start":{"line":70,"column":53},"end":{"line":70,"column":54}},"loc":{"start":{"line":70,"column":61},"end":{"line":72,"column":5}}},"6":{"name":"(anonymous_7)","decl":{"start":{"line":79,"column":60},"end":{"line":79,"column":61}},"loc":{"start":{"line":79,"column":68},"end":{"line":81,"column":5}}},"7":{"name":"(anonymous_8)","decl":{"start":{"line":82,"column":32},"end":{"line":82,"column":33}},"loc":{"start":{"line":82,"column":40},"end":{"line":88,"column":5}}},"8":{"name":"(anonymous_9)","decl":{"start":{"line":84,"column":8},"end":{"line":84,"column":9}},"loc":{"start":{"line":84,"column":20},"end":{"line":84,"column":46}}},"9":{"name":"(anonymous_10)","decl":{"start":{"line":91,"column":2},"end":{"line":91,"column":8}},"loc":{"start":{"line":94,"column":16},"end":{"line":141,"column":3}}},"10":{"name":"(anonymous_11)","decl":{"start":{"line":100,"column":52},"end":{"line":100,"column":53}},"loc":{"start":{"line":100,"column":60},"end":{"line":106,"column":5}}},"11":{"name":"(anonymous_12)","decl":{"start":{"line":112,"column":54},"end":{"line":112,"column":55}},"loc":{"start":{"line":112,"column":62},"end":{"line":119,"column":9}}},"12":{"name":"(anonymous_13)","decl":{"start":{"line":132,"column":66},"end":{"line":132,"column":67}},"loc":{"start":{"line":132,"column":74},"end":{"line":134,"column":7}}},"13":{"name":"(anonymous_14)","decl":{"start":{"line":143,"column":2},"end":{"line":143,"column":6}},"loc":{"start":{"line":143,"column":46},"end":{"line":162,"column":3}}},"14":{"name":"(anonymous_15)","decl":{"start":{"line":145,"column":47},"end":{"line":145,"column":48}},"loc":{"start":{"line":145,"column":55},"end":{"line":147,"column":5}}},"15":{"name":"(anonymous_16)","decl":{"start":{"line":150,"column":35},"end":{"line":150,"column":36}},"loc":{"start":{"line":150,"column":43},"end":{"line":159,"column":7}}}},"branchMap":{"0":{"loc":{"start":{"line":9,"column":6},"end":{"line":9,"column":65}},"type":"cond-expr","locations":[{"start":{"line":9,"column":25},"end":{"line":9,"column":42}},{"start":{"line":9,"column":45},"end":{"line":9,"column":65}}]},"1":{"loc":{"start":{"line":17,"column":6},"end":{"line":29,"column":null}},"type":"if","locations":[{"start":{"line":17,"column":6},"end":{"line":29,"column":null}},{"start":{"line":20,"column":13},"end":{"line":29,"column":null}}]},"2":{"loc":{"start":{"line":20,"column":13},"end":{"line":29,"column":null}},"type":"if","locations":[{"start":{"line":20,"column":13},"end":{"line":29,"column":null}},{"start":{"line":23,"column":13},"end":{"line":29,"column":null}}]},"3":{"loc":{"start":{"line":23,"column":13},"end":{"line":29,"column":null}},"type":"if","locations":[{"start":{"line":23,"column":13},"end":{"line":29,"column":null}},{"start":{"line":25,"column":13},"end":{"line":29,"column":null}}]},"4":{"loc":{"start":{"line":25,"column":13},"end":{"line":29,"column":null}},"type":"if","locations":[{"start":{"line":25,"column":13},"end":{"line":29,"column":null}}]},"5":{"loc":{"start":{"line":46,"column":6},"end":{"line":58,"column":12}},"type":"cond-expr","locations":[{"start":{"line":47,"column":10},"end":{"line":52,"column":12}},{"start":{"line":53,"column":10},"end":{"line":58,"column":12}}]},"6":{"loc":{"start":{"line":103,"column":8},"end":{"line":104,"column":68}},"type":"binary-expr","locations":[{"start":{"line":103,"column":8},"end":{"line":103,"column":64}},{"start":{"line":104,"column":8},"end":{"line":104,"column":68}}]},"7":{"loc":{"start":{"line":108,"column":4},"end":{"line":139,"column":null}},"type":"if","locations":[{"start":{"line":108,"column":4},"end":{"line":139,"column":null}},{"start":{"line":129,"column":11},"end":{"line":139,"column":null}}]},"8":{"loc":{"start":{"line":111,"column":13},"end":{"line":111,"column":63}},"type":"binary-expr","locations":[{"start":{"line":111,"column":13},"end":{"line":111,"column":41}},{"start":{"line":111,"column":45},"end":{"line":111,"column":63}}]},"9":{"loc":{"start":{"line":114,"column":12},"end":{"line":117,"column":59}},"type":"binary-expr","locations":[{"start":{"line":114,"column":12},"end":{"line":114,"column":45}},{"start":{"line":115,"column":12},"end":{"line":115,"column":31}},{"start":{"line":116,"column":12},"end":{"line":117,"column":59}}]},"10":{"loc":{"start":{"line":120,"column":8},"end":{"line":126,"column":null}},"type":"if","locations":[{"start":{"line":120,"column":8},"end":{"line":126,"column":null}}]},"11":{"loc":{"start":{"line":133,"column":39},"end":{"line":133,"column":56}},"type":"cond-expr","locations":[{"start":{"line":133,"column":50},"end":{"line":133,"column":52}},{"start":{"line":133,"column":39},"end":{"line":133,"column":56}}]},"12":{"loc":{"start":{"line":133,"column":39},"end":{"line":133,"column":52}},"type":"binary-expr","locations":[{"start":{"line":133,"column":39},"end":{"line":133,"column":52}},{"start":{"line":133,"column":39},"end":{"line":133,"column":52}}]},"13":{"loc":{"start":{"line":151,"column":8},"end":{"line":158,"column":null}},"type":"if","locations":[{"start":{"line":151,"column":8},"end":{"line":158,"column":null}},{"start":{"line":153,"column":15},"end":{"line":158,"column":null}}]},"14":{"loc":{"start":{"line":151,"column":12},"end":{"line":151,"column":37}},"type":"binary-expr","locations":[{"start":{"line":151,"column":12},"end":{"line":151,"column":27}},{"start":{"line":151,"column":31},"end":{"line":151,"column":37}}]},"15":{"loc":{"start":{"line":153,"column":15},"end":{"line":158,"column":null}},"type":"if","locations":[{"start":{"line":153,"column":15},"end":{"line":158,"column":null}}]}},"s":{"0":2,"1":2,"2":2,"3":1,"4":1,"5":1,"6":1,"7":1,"8":7,"9":2,"10":2,"11":5,"12":1,"13":1,"14":4,"15":1,"16":3,"17":3,"18":3,"19":3,"20":1,"21":3,"22":3,"23":5,"24":5,"25":5,"26":2,"27":5,"28":2,"29":2,"30":2,"31":2,"32":6,"33":2,"34":2,"35":2,"36":2,"37":2,"38":6,"39":2,"40":0,"41":0,"42":0,"43":0,"44":3,"45":3,"46":3,"47":3,"48":7,"49":7,"50":3,"51":2,"52":2,"53":2,"54":3,"55":7,"56":3,"57":2,"58":2,"59":2,"60":3,"61":1,"62":1,"63":2,"64":1,"65":1,"66":1,"67":3,"68":4,"69":4,"70":12,"71":4,"72":4,"73":4,"74":8,"75":24,"76":8,"77":16,"78":4,"79":4,"80":2,"81":2},"f":{"0":1,"1":7,"2":3,"3":5,"4":2,"5":6,"6":6,"7":0,"8":0,"9":3,"10":7,"11":7,"12":2,"13":4,"14":12,"15":24},"b":{"0":[1,0],"1":[2,5],"2":[1,4],"3":[1,3],"4":[3],"5":[3,2],"6":[7,3],"7":[2,1],"8":[5,3],"9":[7,2,2],"10":[2],"11":[0,2],"12":[2,2],"13":[8,16],"14":[24,16],"15":[4]}}
}
