TN:
SF:src\app.module.ts
FNF:0
FNH:0
DA:1,0
DA:2,0
DA:3,0
DA:10,0
LF:4
LH:0
BRF:0
BRH:0
end_of_record
TN:
SF:src\main.ts
FN:5,bootstrap
FNF:1
FNH:0
FNDA:0,bootstrap
DA:1,0
DA:2,0
DA:3,0
DA:6,0
DA:7,0
DA:14,0
DA:15,0
DA:16,0
DA:18,0
LF:9
LH:0
BRF:0
BRH:0
end_of_record
TN:
SF:src\controllers\directories.controller.ts
FN:8,(anonymous_2)
FN:17,(anonymous_3)
FNF:2
FNH:2
FNDA:1,(anonymous_2)
FNDA:1,(anonymous_3)
DA:1,1
DA:2,1
DA:3,1
DA:7,1
DA:8,1
DA:17,1
DA:18,1
LF:7
LH:7
BRF:0
BRH:0
end_of_record
TN:
SF:src\mocks\controllerMocks.ts
FNF:0
FNH:0
DA:1,1
LF:1
LH:1
BRF:0
BRH:0
end_of_record
TN:
SF:src\mocks\serviceMocks.ts
FNF:0
FNH:0
DA:3,1
DA:4,1
DA:5,1
DA:20,1
DA:22,1
DA:43,1
DA:64,1
DA:65,1
DA:66,1
DA:68,1
DA:89,1
DA:98,1
DA:102,1
DA:103,1
LF:14
LH:14
BRF:0
BRH:0
end_of_record
TN:
SF:src\services\directories.service.ts
FN:7,(anonymous_1)
FN:16,(anonymous_2)
FN:35,(anonymous_3)
FN:41,(anonymous_4)
FN:62,(anonymous_5)
FN:70,(anonymous_6)
FN:79,(anonymous_7)
FN:82,(anonymous_8)
FN:84,(anonymous_9)
FN:91,(anonymous_10)
FN:100,(anonymous_11)
FN:112,(anonymous_12)
FN:132,(anonymous_13)
FN:143,(anonymous_14)
FN:145,(anonymous_15)
FN:150,(anonymous_16)
FNF:16
FNH:14
FNDA:1,(anonymous_1)
FNDA:7,(anonymous_2)
FNDA:3,(anonymous_3)
FNDA:5,(anonymous_4)
FNDA:2,(anonymous_5)
FNDA:6,(anonymous_6)
FNDA:6,(anonymous_7)
FNDA:0,(anonymous_8)
FNDA:0,(anonymous_9)
FNDA:3,(anonymous_10)
FNDA:7,(anonymous_11)
FNDA:7,(anonymous_12)
FNDA:2,(anonymous_13)
FNDA:4,(anonymous_14)
FNDA:12,(anonymous_15)
FNDA:24,(anonymous_16)
DA:1,2
DA:2,2
DA:6,2
DA:8,1
DA:12,1
DA:13,1
DA:14,1
DA:16,1
DA:17,7
DA:18,2
DA:19,2
DA:20,5
DA:21,1
DA:22,1
DA:23,4
DA:24,1
DA:25,3
DA:26,3
DA:27,3
DA:28,3
DA:32,1
DA:40,3
DA:41,3
DA:42,5
DA:43,5
DA:44,2
DA:46,5
DA:67,2
DA:68,2
DA:69,2
DA:70,2
DA:71,6
DA:73,2
DA:74,2
DA:75,2
DA:77,2
DA:79,2
DA:80,6
DA:82,2
DA:83,0
DA:84,0
DA:86,0
DA:87,0
DA:96,3
DA:97,3
DA:98,3
DA:100,3
DA:101,7
DA:102,7
DA:108,3
DA:109,2
DA:110,2
DA:111,2
DA:112,3
DA:113,7
DA:120,3
DA:121,2
DA:122,2
DA:125,2
DA:127,3
DA:130,1
DA:132,1
DA:133,2
DA:136,1
DA:137,1
DA:138,1
DA:140,3
DA:144,4
DA:145,4
DA:146,12
DA:148,4
DA:149,4
DA:150,8
DA:151,24
DA:152,8
DA:153,16
DA:154,4
DA:161,4
LF:78
LH:74
BRDA:9,0,0,1
BRDA:9,0,1,0
BRDA:17,1,0,2
BRDA:17,1,1,5
BRDA:20,2,0,1
BRDA:20,2,1,4
BRDA:23,3,0,1
BRDA:23,3,1,3
BRDA:25,4,0,3
BRDA:46,5,0,3
BRDA:46,5,1,2
BRDA:103,6,0,7
BRDA:103,6,1,3
BRDA:108,7,0,2
BRDA:108,7,1,1
BRDA:111,8,0,5
BRDA:111,8,1,3
BRDA:114,9,0,7
BRDA:114,9,1,2
BRDA:114,9,2,2
BRDA:120,10,0,2
BRDA:133,11,0,0
BRDA:133,11,1,2
BRDA:133,12,0,2
BRDA:133,12,1,2
BRDA:151,13,0,8
BRDA:151,13,1,16
BRDA:151,14,0,24
BRDA:151,14,1,16
BRDA:153,15,0,4
BRF:30
BRH:28
end_of_record
